# JRE version: OpenJDK Runtime Environment (17.0.11) (build 17.0.11+0--11852314)
# Java VM: OpenJDK 64-Bit Server VM (17.0.11+0--11852314, mixed mode, tiered, compressed oops, compressed class ptrs, g1 gc, windows-amd64)
GC Precious Log:
 CPUs: 12 total, 12 available
 Memory: 16114M
 Large Page Support: Disabled
 NUMA Support: Disabled
 Compressed Oops: Enabled (32-bit)
 Heap Region Size: 1M
 Heap Min Capacity: 8M
 Heap Initial Capacity: 252M
 Heap Max Capacity: 2G
 Pre-touch: Disabled
 Parallel Workers: 10
 Concurrent Workers: 3
 Concurrent Refinement Workers: 10
 Periodic GC: Disabled
Heap:
 garbage-first heap   total 329728K, used 185584K [0x0000000080000000, 0x0000000100000000)
  region size 1024K, 12 young (12288K), 12 survivors (12288K)
 Metaspace       used 118460K, committed 119232K, reserved 1179648K
  class space    used 17006K, committed 17408K, reserved 1048576K
GC Heap History (20 events):
Event: 7.374 GC heap after
{Heap after GC invocations=28 (full 0):
 garbage-first heap   total 238592K, used 96635K [0x0000000080000000, 0x0000000100000000)
  region size 1024K, 10 young (10240K), 10 survivors (10240K)
 Metaspace       used 97240K, committed 97920K, reserved 1179648K
  class space    used 13566K, committed 13888K, reserved 1048576K
}
Event: 7.802 GC heap before
{Heap before GC invocations=28 (full 0):
 garbage-first heap   total 238592K, used 191867K [0x0000000080000000, 0x0000000100000000)
  region size 1024K, 104 young (106496K), 10 survivors (10240K)
 Metaspace       used 100621K, committed 101376K, reserved 1179648K
  class space    used 14089K, committed 14464K, reserved 1048576K
}
Event: 7.810 GC heap after
{Heap after GC invocations=29 (full 0):
 garbage-first heap   total 238592K, used 104820K [0x0000000080000000, 0x0000000100000000)
  region size 1024K, 13 young (13312K), 13 survivors (13312K)
 Metaspace       used 100621K, committed 101376K, reserved 1179648K
  class space    used 14089K, committed 14464K, reserved 1048576K
}
Event: 8.152 GC heap before
{Heap before GC invocations=29 (full 0):
 garbage-first heap   total 238592K, used 195956K [0x0000000080000000, 0x0000000100000000)
  region size 1024K, 98 young (100352K), 13 survivors (13312K)
 Metaspace       used 101867K, committed 102656K, reserved 1179648K
  class space    used 14257K, committed 14592K, reserved 1048576K
}
Event: 8.160 GC heap after
{Heap after GC invocations=30 (full 0):
 garbage-first heap   total 238592K, used 110433K [0x0000000080000000, 0x0000000100000000)
  region size 1024K, 7 young (7168K), 7 survivors (7168K)
 Metaspace       used 101867K, committed 102656K, reserved 1179648K
  class space    used 14257K, committed 14592K, reserved 1048576K
}
Event: 8.390 GC heap before
{Heap before GC invocations=30 (full 0):
 garbage-first heap   total 238592K, used 192353K [0x0000000080000000, 0x0000000100000000)
  region size 1024K, 88 young (90112K), 7 survivors (7168K)
 Metaspace       used 104535K, committed 105280K, reserved 1179648K
  class space    used 14561K, committed 14912K, reserved 1048576K
}
Event: 8.396 GC heap after
{Heap after GC invocations=31 (full 0):
 garbage-first heap   total 238592K, used 116632K [0x0000000080000000, 0x0000000100000000)
  region size 1024K, 10 young (10240K), 10 survivors (10240K)
 Metaspace       used 104535K, committed 105280K, reserved 1179648K
  class space    used 14561K, committed 14912K, reserved 1048576K
}
Event: 8.694 GC heap before
{Heap before GC invocations=31 (full 0):
 garbage-first heap   total 238592K, used 190360K [0x0000000080000000, 0x0000000100000000)
  region size 1024K, 83 young (84992K), 10 survivors (10240K)
 Metaspace       used 109126K, committed 109952K, reserved 1179648K
  class space    used 15316K, committed 15744K, reserved 1048576K
}
Event: 8.702 GC heap after
{Heap after GC invocations=32 (full 0):
 garbage-first heap   total 286720K, used 126069K [0x0000000080000000, 0x0000000100000000)
  region size 1024K, 10 young (10240K), 10 survivors (10240K)
 Metaspace       used 109126K, committed 109952K, reserved 1179648K
  class space    used 15316K, committed 15744K, reserved 1048576K
}
Event: 8.899 GC heap before
{Heap before GC invocations=33 (full 0):
 garbage-first heap   total 286720K, used 225397K [0x0000000080000000, 0x0000000100000000)
  region size 1024K, 108 young (110592K), 10 survivors (10240K)
 Metaspace       used 111378K, committed 112192K, reserved 1179648K
  class space    used 15751K, committed 16192K, reserved 1048576K
}
Event: 8.909 GC heap after
{Heap after GC invocations=34 (full 0):
 garbage-first heap   total 286720K, used 142693K [0x0000000080000000, 0x0000000100000000)
  region size 1024K, 14 young (14336K), 14 survivors (14336K)
 Metaspace       used 111378K, committed 112192K, reserved 1179648K
  class space    used 15751K, committed 16192K, reserved 1048576K
}
Event: 8.913 GC heap before
{Heap before GC invocations=34 (full 0):
 garbage-first heap   total 286720K, used 143717K [0x0000000080000000, 0x0000000100000000)
  region size 1024K, 15 young (15360K), 14 survivors (14336K)
 Metaspace       used 111386K, committed 112192K, reserved 1179648K
  class space    used 15752K, committed 16192K, reserved 1048576K
}
Event: 8.919 GC heap after
{Heap after GC invocations=35 (full 0):
 garbage-first heap   total 286720K, used 143717K [0x0000000080000000, 0x0000000100000000)
  region size 1024K, 2 young (2048K), 2 survivors (2048K)
 Metaspace       used 111386K, committed 112192K, reserved 1179648K
  class space    used 15752K, committed 16192K, reserved 1048576K
}
Event: 9.037 GC heap before
{Heap before GC invocations=35 (full 0):
 garbage-first heap   total 286720K, used 226661K [0x0000000080000000, 0x0000000100000000)
  region size 1024K, 84 young (86016K), 2 survivors (2048K)
 Metaspace       used 113232K, committed 114112K, reserved 1179648K
  class space    used 16003K, committed 16448K, reserved 1048576K
}
Event: 9.045 GC heap after
{Heap after GC invocations=36 (full 0):
 garbage-first heap   total 286720K, used 155498K [0x0000000080000000, 0x0000000100000000)
  region size 1024K, 11 young (11264K), 11 survivors (11264K)
 Metaspace       used 113232K, committed 114112K, reserved 1179648K
  class space    used 16003K, committed 16448K, reserved 1048576K
}
Event: 9.160 GC heap before
{Heap before GC invocations=37 (full 0):
 garbage-first heap   total 329728K, used 227178K [0x0000000080000000, 0x0000000100000000)
  region size 1024K, 82 young (83968K), 11 survivors (11264K)
 Metaspace       used 115570K, committed 116416K, reserved 1179648K
  class space    used 16497K, committed 16896K, reserved 1048576K
}
Event: 9.171 GC heap after
{Heap after GC invocations=38 (full 0):
 garbage-first heap   total 329728K, used 168138K [0x0000000080000000, 0x0000000100000000)
  region size 1024K, 11 young (11264K), 11 survivors (11264K)
 Metaspace       used 115570K, committed 116416K, reserved 1179648K
  class space    used 16497K, committed 16896K, reserved 1048576K
}
Event: 9.175 GC heap before
{Heap before GC invocations=38 (full 0):
 garbage-first heap   total 329728K, used 173258K [0x0000000080000000, 0x0000000100000000)
  region size 1024K, 16 young (16384K), 11 survivors (11264K)
 Metaspace       used 115636K, committed 116480K, reserved 1179648K
  class space    used 16506K, committed 16896K, reserved 1048576K
}
Event: 9.180 GC heap after
{Heap after GC invocations=39 (full 0):
 garbage-first heap   total 329728K, used 169730K [0x0000000080000000, 0x0000000100000000)
  region size 1024K, 2 young (2048K), 2 survivors (2048K)
 Metaspace       used 115636K, committed 116480K, reserved 1179648K
  class space    used 16506K, committed 16896K, reserved 1048576K
}
Event: 9.279 GC heap before
{Heap before GC invocations=39 (full 0):
 garbage-first heap   total 329728K, used 257794K [0x0000000080000000, 0x0000000100000000)
  region size 1024K, 89 young (91136K), 2 survivors (2048K)
 Metaspace       used 118460K, committed 119232K, reserved 1179648K
  class space    used 17006K, committed 17408K, reserved 1048576K
}

