# JRE version: OpenJDK Runtime Environment (17.0.11) (build 17.0.11+0--11852314)
# Java VM: OpenJDK 64-Bit Server VM (17.0.11+0--11852314, mixed mode, tiered, compressed oops, compressed class ptrs, g1 gc, windows-amd64)
GC Precious Log:
 CPUs: 12 total, 12 available
 Memory: 16114M
 Large Page Support: Disabled
 NUMA Support: Disabled
 Compressed Oops: Enabled (32-bit)
 Heap Region Size: 1M
 Heap Min Capacity: 8M
 Heap Initial Capacity: 252M
 Heap Max Capacity: 2G
 Pre-touch: Disabled
 Parallel Workers: 10
 Concurrent Workers: 3
 Concurrent Refinement Workers: 10
 Periodic GC: Disabled
Heap:
 garbage-first heap   total 343040K, used 199367K [0x0000000080000000, 0x0000000100000000)
  region size 1024K, 13 young (13312K), 13 survivors (13312K)
 Metaspace       used 120263K, committed 121088K, reserved 1179648K
  class space    used 17407K, committed 17792K, reserved 1048576K
GC Heap History (20 events):
Event: 6.988 GC heap after
{Heap after GC invocations=28 (full 0):
 garbage-first heap   total 178176K, used 93520K [0x0000000080000000, 0x0000000100000000)
  region size 1024K, 3 young (3072K), 3 survivors (3072K)
 Metaspace       used 89225K, committed 89856K, reserved 1179648K
  class space    used 12424K, committed 12736K, reserved 1048576K
}
Event: 7.398 GC heap before
{Heap before GC invocations=29 (full 0):
 garbage-first heap   total 178176K, used 146768K [0x0000000080000000, 0x0000000100000000)
  region size 1024K, 55 young (56320K), 3 survivors (3072K)
 Metaspace       used 93161K, committed 93824K, reserved 1179648K
  class space    used 13009K, committed 13312K, reserved 1048576K
}
Event: 7.402 GC heap after
{Heap after GC invocations=30 (full 0):
 garbage-first heap   total 178176K, used 96235K [0x0000000080000000, 0x0000000100000000)
  region size 1024K, 6 young (6144K), 6 survivors (6144K)
 Metaspace       used 93161K, committed 93824K, reserved 1179648K
  class space    used 13009K, committed 13312K, reserved 1048576K
}
Event: 7.416 GC heap before
{Heap before GC invocations=30 (full 0):
 garbage-first heap   total 178176K, used 98283K [0x0000000080000000, 0x0000000100000000)
  region size 1024K, 8 young (8192K), 6 survivors (6144K)
 Metaspace       used 93359K, committed 94080K, reserved 1179648K
  class space    used 13043K, committed 13376K, reserved 1048576K
}
Event: 7.420 GC heap after
{Heap after GC invocations=31 (full 0):
 garbage-first heap   total 178176K, used 95755K [0x0000000080000000, 0x0000000100000000)
  region size 1024K, 1 young (1024K), 1 survivors (1024K)
 Metaspace       used 93359K, committed 94080K, reserved 1179648K
  class space    used 13043K, committed 13376K, reserved 1048576K
}
Event: 7.781 GC heap before
{Heap before GC invocations=31 (full 0):
 garbage-first heap   total 178176K, used 147979K [0x0000000080000000, 0x0000000100000000)
  region size 1024K, 52 young (53248K), 1 survivors (1024K)
 Metaspace       used 97614K, committed 98304K, reserved 1179648K
  class space    used 13625K, committed 13952K, reserved 1048576K
}
Event: 7.785 GC heap after
{Heap after GC invocations=32 (full 0):
 garbage-first heap   total 343040K, used 98207K [0x0000000080000000, 0x0000000100000000)
  region size 1024K, 4 young (4096K), 4 survivors (4096K)
 Metaspace       used 97614K, committed 98304K, reserved 1179648K
  class space    used 13625K, committed 13952K, reserved 1048576K
}
Event: 8.566 GC heap before
{Heap before GC invocations=33 (full 0):
 garbage-first heap   total 342016K, used 266143K [0x0000000080000000, 0x0000000100000000)
  region size 1024K, 169 young (173056K), 4 survivors (4096K)
 Metaspace       used 101322K, committed 102016K, reserved 1179648K
  class space    used 14189K, committed 14528K, reserved 1048576K
}
Event: 8.574 GC heap after
{Heap after GC invocations=34 (full 0):
 garbage-first heap   total 342016K, used 108788K [0x0000000080000000, 0x0000000100000000)
  region size 1024K, 14 young (14336K), 14 survivors (14336K)
 Metaspace       used 101322K, committed 102016K, reserved 1179648K
  class space    used 14189K, committed 14528K, reserved 1048576K
}
Event: 8.577 GC heap before
{Heap before GC invocations=34 (full 0):
 garbage-first heap   total 342016K, used 109812K [0x0000000080000000, 0x0000000100000000)
  region size 1024K, 16 young (16384K), 14 survivors (14336K)
 Metaspace       used 101325K, committed 102016K, reserved 1179648K
  class space    used 14189K, committed 14528K, reserved 1048576K
}
Event: 8.583 GC heap after
{Heap after GC invocations=35 (full 0):
 garbage-first heap   total 342016K, used 109077K [0x0000000080000000, 0x0000000100000000)
  region size 1024K, 2 young (2048K), 2 survivors (2048K)
 Metaspace       used 101325K, committed 102016K, reserved 1179648K
  class space    used 14189K, committed 14528K, reserved 1048576K
}
Event: 8.940 GC heap before
{Heap before GC invocations=35 (full 0):
 garbage-first heap   total 342016K, used 272917K [0x0000000080000000, 0x0000000100000000)
  region size 1024K, 158 young (161792K), 2 survivors (2048K)
 Metaspace       used 105605K, committed 106304K, reserved 1179648K
  class space    used 14718K, committed 15040K, reserved 1048576K
}
Event: 8.947 GC heap after
{Heap after GC invocations=36 (full 0):
 garbage-first heap   total 342016K, used 129725K [0x0000000080000000, 0x0000000100000000)
  region size 1024K, 20 young (20480K), 20 survivors (20480K)
 Metaspace       used 105605K, committed 106304K, reserved 1179648K
  class space    used 14718K, committed 15040K, reserved 1048576K
}
Event: 9.280 GC heap before
{Heap before GC invocations=36 (full 0):
 garbage-first heap   total 342016K, used 264893K [0x0000000080000000, 0x0000000100000000)
  region size 1024K, 153 young (156672K), 20 survivors (20480K)
 Metaspace       used 111271K, committed 112128K, reserved 1179648K
  class space    used 15710K, committed 16128K, reserved 1048576K
}
Event: 9.294 GC heap after
{Heap after GC invocations=37 (full 0):
 garbage-first heap   total 342016K, used 149010K [0x0000000080000000, 0x0000000100000000)
  region size 1024K, 19 young (19456K), 19 survivors (19456K)
 Metaspace       used 111271K, committed 112128K, reserved 1179648K
  class space    used 15710K, committed 16128K, reserved 1048576K
}
Event: 9.459 GC heap before
{Heap before GC invocations=37 (full 0):
 garbage-first heap   total 342016K, used 266770K [0x0000000080000000, 0x0000000100000000)
  region size 1024K, 135 young (138240K), 19 survivors (19456K)
 Metaspace       used 114919K, committed 115776K, reserved 1179648K
  class space    used 16345K, committed 16768K, reserved 1048576K
}
Event: 9.475 GC heap after
{Heap after GC invocations=38 (full 0):
 garbage-first heap   total 342016K, used 166599K [0x0000000080000000, 0x0000000100000000)
  region size 1024K, 17 young (17408K), 17 survivors (17408K)
 Metaspace       used 114919K, committed 115776K, reserved 1179648K
  class space    used 16345K, committed 16768K, reserved 1048576K
}
Event: 9.575 GC heap before
{Heap before GC invocations=38 (full 0):
 garbage-first heap   total 342016K, used 268999K [0x0000000080000000, 0x0000000100000000)
  region size 1024K, 117 young (119808K), 17 survivors (17408K)
 Metaspace       used 116806K, committed 117632K, reserved 1179648K
  class space    used 16748K, committed 17152K, reserved 1048576K
}
Event: 9.591 GC heap after
{Heap after GC invocations=39 (full 0):
 garbage-first heap   total 342016K, used 184348K [0x0000000080000000, 0x0000000100000000)
  region size 1024K, 15 young (15360K), 15 survivors (15360K)
 Metaspace       used 116806K, committed 117632K, reserved 1179648K
  class space    used 16748K, committed 17152K, reserved 1048576K
}
Event: 9.719 GC heap before
{Heap before GC invocations=39 (full 0):
 garbage-first heap   total 342016K, used 271388K [0x0000000080000000, 0x0000000100000000)
  region size 1024K, 101 young (103424K), 15 survivors (15360K)
 Metaspace       used 120263K, committed 121088K, reserved 1179648K
  class space    used 17407K, committed 17792K, reserved 1048576K
}

